TN:
SF:/Users/quentin/projects/node-7z/lib/commands.js
FN:4,add
FNF:1
FNH:1
FNDA:9,add
DA:5,9
DA:6,9
DA:7,9
DA:9,9
DA:10,9
DA:11,3
DA:13,6
DA:16,9
DA:17,9
DA:18,9
DA:19,9
DA:20,9
LF:12
LH:12
BRDA:10,0,0,3
BRDA:10,0,1,6
BRF:2
BRH:2
end_of_record
TN:
SF:/Users/quentin/projects/node-7z/lib/infos.js
FN:1,add
FN:2,(anonymous_1)
FNF:2
FNH:2
FNDA:1,add
FNDA:1,(anonymous_1)
DA:2,1
DA:3,1
LF:2
LH:2
BRF:0
BRH:0
end_of_record
TN:
SF:/Users/quentin/projects/node-7z/lib/parser.js
FN:2,matchProgress
FN:21,matchProps
FN:24,(anonymous_2)
FN:33,(anonymous_3)
FNF:4
FNH:4
FNDA:761,matchProgress
FNDA:608,matchProps
FNDA:610,(anonymous_2)
FNDA:610,(anonymous_3)
DA:3,761
DA:4,761
DA:5,479
DA:7,282
DA:8,282
DA:9,282
DA:10,132
DA:16,132
DA:18,150
DA:22,608
DA:23,608
DA:24,608
DA:25,610
DA:26,610
DA:27,66
DA:28,66
DA:29,66
DA:31,544
DA:33,610
DA:34,608
DA:35,608
DA:36,64
DA:38,544
LF:23
LH:23
BRDA:4,0,0,479
BRDA:4,0,1,282
BRDA:9,1,0,132
BRDA:9,1,1,150
BRDA:26,2,0,66
BRDA:26,2,1,544
BRDA:35,3,0,64
BRDA:35,3,1,544
BRF:8
BRH:8
end_of_record
TN:
SF:/Users/quentin/projects/node-7z/lib/references.js
FNF:0
FNH:0
DA:6,1
DA:28,1
DA:36,1
DA:49,1
DA:73,1
DA:74,1
DA:75,1
DA:77,1
DA:78,1
LF:9
LH:9
BRF:0
BRH:0
end_of_record
TN:
SF:/Users/quentin/projects/node-7z/lib/special.js
FN:2,transformSpecialArrayToArgs
FN:11,transformBinToString
FNF:2
FNH:2
FNDA:22,transformSpecialArrayToArgs
FNDA:11,transformBinToString
DA:3,22
DA:4,22
DA:5,2
DA:7,20
DA:12,11
DA:13,11
DA:14,2
DA:16,9
LF:8
LH:8
BRDA:4,0,0,2
BRDA:4,0,1,20
BRDA:13,1,0,2
BRDA:13,1,1,9
BRF:4
BRH:4
end_of_record
TN:
SF:/Users/quentin/projects/node-7z/lib/stream.js
FN:13,(anonymous_0)
FN:55,(anonymous_1)
FN:58,(anonymous_2)
FN:63,(anonymous_3)
FN:66,(anonymous_4)
FN:69,(anonymous_5)
FN:72,(anonymous_6)
FN:79,(anonymous_7)
FN:86,(anonymous_8)
FN:88,(anonymous_9)
FN:94,(anonymous_10)
FN:110,(anonymous_11)
FN:125,(anonymous_12)
FN:174,(anonymous_13)
FN:191,(anonymous_14)
FNF:15
FNH:15
FNDA:9,(anonymous_0)
FNDA:10,(anonymous_1)
FNDA:9,(anonymous_2)
FNDA:20,(anonymous_3)
FNDA:9,(anonymous_4)
FNDA:1,(anonymous_5)
FNDA:1,(anonymous_6)
FNDA:9,(anonymous_7)
FNDA:56,(anonymous_8)
FNDA:56,(anonymous_9)
FNDA:20,(anonymous_10)
FNDA:20,(anonymous_11)
FNDA:744,(anonymous_12)
FNDA:1,(anonymous_13)
FNDA:1,(anonymous_14)
DA:14,9
DA:15,9
DA:16,9
DA:18,9
DA:19,9
DA:20,9
DA:21,9
DA:22,9
DA:23,9
DA:26,9
DA:27,9
DA:28,9
DA:29,9
DA:30,9
DA:34,9
DA:35,9
DA:36,9
DA:41,9
DA:42,9
DA:43,9
DA:46,9
DA:59,9
DA:61,9
DA:62,9
DA:63,9
DA:64,20
DA:66,9
DA:67,9
DA:69,9
DA:70,1
DA:72,9
DA:73,1
DA:75,9
DA:80,9
DA:83,9
DA:87,56
DA:88,56
DA:89,56
DA:91,56
DA:95,20
DA:96,20
DA:97,6
DA:99,20
DA:100,20
DA:101,20
DA:102,7
DA:103,7
DA:105,13
DA:107,20
DA:111,20
DA:116,20
DA:121,20
DA:125,20
DA:126,744
DA:127,744
DA:128,117
DA:130,117
DA:131,117
DA:132,89
DA:133,89
DA:134,89
DA:140,655
DA:141,290
DA:142,290
DA:143,44
DA:144,44
DA:151,611
DA:152,57
DA:153,57
DA:154,31
DA:156,57
DA:161,554
DA:162,308
DA:163,308
DA:164,12
DA:166,308
DA:171,20
DA:175,1
DA:176,1
DA:177,1
DA:178,1
DA:179,1
DA:180,1
DA:181,1
DA:182,1
DA:183,1
DA:184,1
DA:185,1
DA:186,1
DA:188,1
DA:192,1
DA:194,1
LF:92
LH:92
BRDA:41,0,0,9
BRDA:41,0,1,0
BRDA:96,1,0,6
BRDA:96,1,1,14
BRDA:101,2,0,7
BRDA:101,2,1,13
BRDA:127,3,0,117
BRDA:127,3,1,627
BRDA:130,4,0,117
BRDA:130,4,1,89
BRDA:131,5,0,89
BRDA:131,5,1,28
BRDA:140,6,0,290
BRDA:140,6,1,365
BRDA:142,7,0,44
BRDA:142,7,1,246
BRDA:151,8,0,57
BRDA:151,8,1,554
BRDA:153,9,0,31
BRDA:153,9,1,26
BRDA:161,10,0,308
BRDA:161,10,1,246
BRDA:163,11,0,12
BRDA:163,11,1,296
BRDA:182,12,0,0
BRDA:182,12,1,1
BRDA:183,13,0,1
BRDA:183,13,1,0
BRF:28
BRH:25
end_of_record
TN:
SF:/Users/quentin/projects/node-7z/lib/switches.js
FN:20,transformSwitchesToArgs
FN:26,(anonymous_1)
FN:47,(anonymous_2)
FNF:3
FNH:3
FNDA:16,transformSwitchesToArgs
FNDA:322,(anonymous_1)
FNDA:5,(anonymous_2)
DA:5,1
DA:6,1
DA:7,1
DA:8,1
DA:9,1
DA:21,16
DA:24,16
DA:26,16
DA:28,322
DA:29,322
DA:30,240
DA:31,21
DA:33,240
DA:37,82
DA:38,82
DA:39,6
DA:40,6
DA:41,6
DA:45,76
DA:46,76
DA:47,4
DA:48,5
DA:50,4
DA:54,72
DA:55,72
DA:56,17
DA:60,16
LF:27
LH:27
BRDA:29,0,0,240
BRDA:29,0,1,82
BRDA:30,1,0,21
BRDA:30,1,1,219
BRDA:38,2,0,6
BRDA:38,2,1,76
BRDA:39,3,0,4
BRDA:39,3,1,2
BRDA:46,4,0,4
BRDA:46,4,1,72
BRDA:55,5,0,17
BRDA:55,5,1,55
BRF:12
BRH:12
end_of_record
